d:\git_repository\sketcher\sketcher\debug\sketcher.pch
d:\git_repository\sketcher\sketcher\debug\vc141.pdb
d:\git_repository\sketcher\sketcher\debug\vc141.idb
d:\git_repository\sketcher\sketcher\debug\stdafx.obj
d:\git_repository\sketcher\sketcher\debug\childfrm.obj
d:\git_repository\sketcher\sketcher\debug\circle.obj
d:\git_repository\sketcher\sketcher\debug\curve.obj
d:\git_repository\sketcher\sketcher\debug\element.obj
d:\git_repository\sketcher\sketcher\debug\line.obj
d:\git_repository\sketcher\sketcher\debug\mainfrm.obj
d:\git_repository\sketcher\sketcher\debug\rectangle.obj
d:\git_repository\sketcher\sketcher\debug\sketcher.obj
d:\git_repository\sketcher\sketcher\debug\sketcherdoc.obj
d:\git_repository\sketcher\sketcher\debug\sketcherview.obj
d:\git_repository\sketcher\sketcher\debug\text.obj
d:\git_repository\sketcher\sketcher\debug\textdialog.obj
d:\git_repository\sketcher\sketcher\debug\pendialog.obj
d:\git_repository\sketcher\sketcher\debug\sketcher.exe
d:\git_repository\sketcher\sketcher\debug\sketcher.ilk
d:\git_repository\sketcher\sketcher\debug\sketcher.pdb
d:\git_repository\sketcher\sketcher\debug\sketcher.res
d:\git_repository\sketcher\sketcher\debug\sketcher.tlog\cl.command.1.tlog
d:\git_repository\sketcher\sketcher\debug\sketcher.tlog\cl.read.1.tlog
d:\git_repository\sketcher\sketcher\debug\sketcher.tlog\cl.write.1.tlog
d:\git_repository\sketcher\sketcher\debug\sketcher.tlog\link.command.1.tlog
d:\git_repository\sketcher\sketcher\debug\sketcher.tlog\link.read.1.tlog
d:\git_repository\sketcher\sketcher\debug\sketcher.tlog\link.write.1.tlog
d:\git_repository\sketcher\sketcher\debug\sketcher.tlog\rc.command.1.tlog
d:\git_repository\sketcher\sketcher\debug\sketcher.tlog\rc.read.1.tlog
d:\git_repository\sketcher\sketcher\debug\sketcher.tlog\rc.write.1.tlog
